0 info it worked if it ends with ok
1 verbose cli [ '/Users/elisegeoris/.nvm/versions/node/v5.9.0/bin/node',
1 verbose cli   '/Users/elisegeoris/.nvm/versions/node/v5.9.0/bin/npm',
1 verbose cli   'start' ]
2 info using npm@3.7.3
3 info using node@v5.9.0
4 verbose run-script [ 'prestart', 'start', 'poststart' ]
5 info lifecycle react-infinite-grid@0.4.0~prestart: react-infinite-grid@0.4.0
6 silly lifecycle react-infinite-grid@0.4.0~prestart: no script for prestart, continuing
7 info lifecycle react-infinite-grid@0.4.0~start: react-infinite-grid@0.4.0
8 verbose lifecycle react-infinite-grid@0.4.0~start: unsafe-perm in lifecycle true
9 verbose lifecycle react-infinite-grid@0.4.0~start: PATH: /Users/elisegeoris/.nvm/versions/node/v5.9.0/lib/node_modules/npm/bin/node-gyp-bin:/Users/elisegeoris/dev/react-infinite-grid/node_modules/.bin:/Users/elisegeoris/.nvm/versions/node/v5.9.0/bin:/Users/elisegeoris/.nvm/versions/node/v5.9.0/bin:/usr/local/bin:/usr/bin:/bin:/usr/sbin:/sbin
10 verbose lifecycle react-infinite-grid@0.4.0~start: CWD: /Users/elisegeoris/dev/react-infinite-grid
11 silly lifecycle react-infinite-grid@0.4.0~start: Args: [ '-c', 'webpack-dev-server --progress' ]
12 info lifecycle react-infinite-grid@0.4.0~start: Failed to exec start script
13 verbose stack Error: react-infinite-grid@0.4.0 start: `webpack-dev-server --progress`
13 verbose stack spawn ENOENT
13 verbose stack     at ChildProcess.<anonymous> (/Users/elisegeoris/.nvm/versions/node/v5.9.0/lib/node_modules/npm/lib/utils/spawn.js:17:16)
13 verbose stack     at emitTwo (events.js:100:13)
13 verbose stack     at ChildProcess.emit (events.js:185:7)
13 verbose stack     at maybeClose (internal/child_process.js:850:16)
13 verbose stack     at Process.ChildProcess._handle.onexit (internal/child_process.js:215:5)
14 verbose pkgid react-infinite-grid@0.4.0
15 verbose cwd /Users/elisegeoris/dev/react-infinite-grid
16 error Darwin 15.2.0
17 error argv "/Users/elisegeoris/.nvm/versions/node/v5.9.0/bin/node" "/Users/elisegeoris/.nvm/versions/node/v5.9.0/bin/npm" "start"
18 error node v5.9.0
19 error npm  v3.7.3
20 error file sh
21 error code ELIFECYCLE
22 error errno ENOENT
23 error syscall spawn
24 error react-infinite-grid@0.4.0 start: `webpack-dev-server --progress`
24 error spawn ENOENT
25 error Failed at the react-infinite-grid@0.4.0 start script 'webpack-dev-server --progress'.
25 error Make sure you have the latest version of node.js and npm installed.
25 error If you do, this is most likely a problem with the react-infinite-grid package,
25 error not with npm itself.
25 error Tell the author that this fails on your system:
25 error     webpack-dev-server --progress
25 error You can get information on how to open an issue for this project with:
25 error     npm bugs react-infinite-grid
25 error Or if that isn't available, you can get their info via:
25 error     npm owner ls react-infinite-grid
25 error There is likely additional logging output above.
26 verbose exit [ 1, true ]
